C51 COMPILER V9.00   MAIN                                                                  10/13/2020 19:13:58 PAGE 1   


C51 COMPILER V9.00, COMPILATION OF MODULE MAIN
OBJECT MODULE PLACED IN main.OBJ
COMPILER INVOKED BY: F:\keilc51\C51\BIN\C51.EXE main.c BROWSE DEBUG OBJECTEXTEND

line level    source

   1          /*************************************************************************************
   2          
   3          *
   4          实验现象：下载程序后插上LCD1602液晶在开发板上，即可显示
   5                            
   6          接线说明： (具体接线图可见开发攻略对应实验的“实验现象”章节)
   7          
   8                  
   9          注意事项：根据自己使用的LCD1602是否带有转接板，如果带有转接板的即为4位，需在LCD.H头文件中
  10          将宏#define LCD1602_4PINS打开，我们这里使用的LCD1602是8位，所以默认将该宏注释                                                                           
  11          
  12                                                                                            
  13          **************************************************************************************
  14          
  15          */
  16          
  17          #include "reg52.h"                       //此文件中定义了单片机的一些特殊功能寄存器
  18          #include "lcd.h"
  19          
  20          typedef unsigned int u16;         //对数据类型进行声明定义
  21          typedef unsigned char u8;
  22          
  23          u8 Disp[]=" Pechin Science ";
  24          
  25          /*******************************************************************************
  26          * 函 数 名         : main
  27          * 函数功能                 : 主函数
  28          * 输    入         : 无
  29          * 输    出         : 无
  30          *******************************************************************************/
  31          void main(void)
  32          {
  33   1              u8 i;
  34   1              LcdInit();
  35   1              for(i=0;i<16;i++)
  36   1              {
  37   2                      LcdWriteData(Disp[i]);  
  38   2              }
  39   1              while(1);                               
  40   1      }


MODULE INFORMATION:   STATIC OVERLAYABLE
   CODE SIZE        =     27    ----
   CONSTANT SIZE    =   ----    ----
   XDATA SIZE       =   ----    ----
   PDATA SIZE       =   ----    ----
   DATA SIZE        =     17       1
   IDATA SIZE       =   ----    ----
   BIT SIZE         =   ----    ----
END OF MODULE INFORMATION.


C51 COMPILATION COMPLETE.  0 WARNING(S),  0 ERROR(S)
