C51 COMPILER V9.00   MAIN                                                                  10/14/2020 12:57:13 PAGE 1   


C51 COMPILER V9.00, COMPILATION OF MODULE MAIN
OBJECT MODULE PLACED IN main.OBJ
COMPILER INVOKED BY: F:\keilc51\C51\BIN\C51.exe main.c

line level    source

   1          
   2          #include "sb.c"
   3          void main()
   4          {
   5   1          uchar Disp[] = " HELLO WORLD ";
   6   1          uchar i;
   7   1          lcdInit();
   8   1          for (i = 0; i < sizeof(Disp) / sizeof(uchar) - 1 i++)
*** ERROR C141 IN LINE 8 OF MAIN.C: syntax error near 'i'
*** ERROR C141 IN LINE 8 OF MAIN.C: syntax error near ')'
   9   1          {
  10   2              lcdWriteData(Disp[i]);
  11   2          }
  12   1          while (1)
  13   1              ;
  14   1      }
*** WARNING C316 IN LINE 14 OF main.c: unterminated conditionals

C51 COMPILATION COMPLETE.  1 WARNING(S),  2 ERROR(S)
