C51 COMPILER V9.00   MAIN                                                                  10/16/2020 00:51:47 PAGE 1   


C51 COMPILER V9.00, COMPILATION OF MODULE MAIN
OBJECT MODULE PLACED IN main.OBJ
COMPILER INVOKED BY: F:\keilc51\C51\BIN\C51.exe main.c

line level    source

   1          #include "snake.h"
   2          #include "../lib/leddt.h"
   3          #include "../lib/interruption.h"
   4          #include "../lib/global.h"
   5          #include "../lib/keyboard.h"
   6          void main()
   7          {
   8   1      
   9   1          initSnake();
  10   1      
  11   1          //设置 INT0
  12   1          createFood();
  13   1          while (1)
  14   1          {
  15   2              /* code */
  16   2      
  17   2              ctrlSnake();
  18   2              moveSnake();
  19   2          }
  20   1      }


MODULE INFORMATION:   STATIC OVERLAYABLE
   CODE SIZE        =   1535    ----
   CONSTANT SIZE    =     17    ----
   XDATA SIZE       =   ----    ----
   PDATA SIZE       =   ----    ----
   DATA SIZE        =     88       7
   IDATA SIZE       =   ----    ----
   BIT SIZE         =   ----    ----
END OF MODULE INFORMATION.


C51 COMPILATION COMPLETE.  0 WARNING(S),  0 ERROR(S)
