C51 COMPILER V9.00   MAIN                                                                  10/13/2020 15:22:02 PAGE 1   


C51 COMPILER V9.00, COMPILATION OF MODULE MAIN
OBJECT MODULE PLACED IN main.OBJ
COMPILER INVOKED BY: F:\keilc51\C51\BIN\C51.exe main.c

line level    source

   1          #include "global.h"
   2          #include "xpt2046.h"
   3          #include "leddt.h"
   4          void main()
   5          {
   6   1          uchar i;
   7   1          uint temp;
   8   1          while (1)
   9   1          {
  10   2              temp = getAD_Data(0x94);
  11   2              digDisplay(0, temp / 1000);
  12   2              digDisplay(1, temp % 1000 / 100);
  13   2              digDisplay(2, temp % 1000 % 100 / 10);
  14   2              digDisplay(3, temp % 1000 % 100 % 10);
  15   2          }
  16   1      }
*** WARNING C280 IN LINE 6 OF MAIN.C: 'i': unreferenced local variable


MODULE INFORMATION:   STATIC OVERLAYABLE
   CODE SIZE        =    436    ----
   CONSTANT SIZE    =     17    ----
   XDATA SIZE       =   ----    ----
   PDATA SIZE       =   ----    ----
   DATA SIZE        =   ----       1
   IDATA SIZE       =   ----    ----
   BIT SIZE         =   ----    ----
END OF MODULE INFORMATION.


C51 COMPILATION COMPLETE.  1 WARNING(S),  0 ERROR(S)
